<?xml version="1.0" encoding="utf-8"?><testsuites name="pytest tests"><testsuite name="pytest" errors="0" failures="0" skipped="0" tests="20" time="3.220" timestamp="2026-05-22T02:43:28.581985+00:00" hostname="agent-env-da0728de-a5d2-4db9-9241-4582706508d2"><testcase classname="tests.test_backend.TestAuth" name="test_register_duplicate" time="0.504" /><testcase classname="tests.test_backend.TestAuth" name="test_login_success" time="0.270" /><testcase classname="tests.test_backend.TestAuth" name="test_login_invalid" time="0.272" /><testcase classname="tests.test_backend.TestAuth" name="test_me" time="0.049" /><testcase classname="tests.test_backend.TestAuth" name="test_me_no_token" time="0.045" /><testcase classname="tests.test_backend.TestSocial" name="test_start_verification" time="0.047" /><testcase classname="tests.test_backend.TestSocial" name="test_start_verification_idempotent" time="0.047" /><testcase classname="tests.test_backend.TestSocial" name="test_start_verification_bad_platform" time="0.050" /><testcase classname="tests.test_backend.TestSocial" name="test_list_accounts" time="0.050" /><testcase classname="tests.test_backend.TestSocial" name="test_verify_account_meaningful_error" time="0.886" /><testcase classname="tests.test_backend.TestSocial" name="test_delete_account" time="0.161" /><testcase classname="tests.test_backend.TestCampaigns" name="test_create_campaign" time="0.048" /><testcase classname="tests.test_backend.TestCampaigns" name="test_list_campaigns_active_filter" time="0.053" /><testcase classname="tests.test_backend.TestCampaigns" name="test_get_single_campaign" time="0.050" /><testcase classname="tests.test_backend.TestCampaigns" name="test_submit_unverified_account_rejected" time="0.058" /><testcase classname="tests.test_backend.TestCampaigns" name="test_list_submissions_leaderboard" time="0.050" /><testcase classname="tests.test_backend.TestCampaigns" name="test_end_campaign_forbidden_for_other_user" time="0.318" /><testcase classname="tests.test_backend.TestCampaigns" name="test_end_campaign_by_creator" time="0.045" /><testcase classname="tests.test_backend.TestCampaigns" name="test_list_campaigns_ended_filter" time="0.070" /><testcase classname="tests.test_backend.TestBot" name="test_bot_status" time="0.060" /></testsuite></testsuites>